<?xml version="1.0" encoding="UTF-8"?>
<testng-results ignored="0" total="1" passed="1" failed="0" skipped="0">
  <reporter-output>
  </reporter-output>
  <suite started-at="2023-11-15T09:32:31 IST" name="Default suite" finished-at="2023-11-15T09:32:31 IST" duration-ms="173">
    <groups>
    </groups>
    <test started-at="2023-11-15T09:32:31 IST" name="Default test" finished-at="2023-11-15T09:32:31 IST" duration-ms="173">
      <class name="test.test1">
        <test-method signature="run()[pri:0, instance:test.test1@797501a]" started-at="2023-11-15T09:32:31 IST" name="run" finished-at="2023-11-15T09:32:31 IST" duration-ms="29" status="PASS">
          <reporter-output>
          </reporter-output>
        </test-method> <!-- run -->
      </class> <!-- test.test1 -->
    </test> <!-- Default test -->
  </suite> <!-- Default suite -->
</testng-results>
